app/mapping.txt
# compiler: R8
# compiler_version: 4.0.48
# min_api: 23
# common_typos_disable
# {"id":"com.android.tools.r8.mapping","version":"2.1"}
# pg_map_id: 173388d
# pg_map_hash: SHA-256 173388d38b2d6db7898f8aed1bea967c36f7e1c5fa3f9100d430a7b9cc855bbb
com.example.message.BuildConfig -> a.a:
    int VERSION_CODE -> d
    boolean DEBUG -> a
    java.lang.String BUILD_TYPE -> c
    java.lang.String APPLICATION_ID -> b
    java.lang.String VERSION_NAME -> e
com.example.message.IMyAidlInterface -> a.b:
com.example.message.IMyAidlInterface$Default -> a.b$a:
com.example.message.IMyAidlInterface$Stub -> a.b$b:
    java.lang.String DESCRIPTOR -> a
    com.example.message.IMyAidlInterface asInterface(android.os.IBinder) -> a
    com.example.message.IMyAidlInterface getDefaultImpl() -> b
    boolean setDefaultImpl(com.example.message.IMyAidlInterface) -> c
com.example.message.IMyAidlInterface$Stub$Proxy -> a.b$b$a:
    android.os.IBinder mRemote -> a
    com.example.message.IMyAidlInterface sDefaultImpl -> b
    java.lang.String getInterfaceDescriptor() -> a
com.example.message.MainActivity -> com.example.message.MainActivity:
    android.app.Dialog dialog -> a
    void hide() -> a
    void ignoreBatteryOptimization(android.app.Activity) -> b
    void initFirstService() -> c
    void initPermission(android.app.Activity) -> d
    void initSms() -> e
    boolean serverIsRunning(android.content.Context,java.lang.String) -> f
    void show() -> g
com.example.message.R -> com.example.message.a:
com.example.message.R$color -> com.example.message.a$a:
    int teal_700 -> f
    int white -> g
    int purple_700 -> d
    int teal_200 -> e
    int purple_200 -> b
    int purple_500 -> c
    int black -> a
com.example.message.R$drawable -> com.example.message.a$b:
    int t -> b
    int ic_launcher -> a
com.example.message.R$id -> com.example.message.a$c:
    int button -> a
com.example.message.R$layout -> com.example.message.a$d:
    int notification_layout -> b
    int layout_dialog -> a
com.example.message.R$string -> com.example.message.a$e:
    int button -> b
    int name -> c
    int app_name -> a
com.example.message.R$style -> com.example.message.a$f:
    int dialog_activity_style -> a
com.example.message.R$xml -> com.example.message.a$g:
    int data_extraction_rules -> b
    int network_security_config -> c
    int backup_rules -> a
com.example.message.listener.ScreenListener -> b.a:
    android.content.Context mContext -> a
    com.example.message.listener.ScreenListener$ScreenStateListener mScreenStateListener -> c
    com.example.message.listener.ScreenListener$ScreenBroadcastReceiver mScreenReceiver -> b
    com.example.message.listener.ScreenListener$ScreenStateListener access$100(com.example.message.listener.ScreenListener) -> a
    void begin(com.example.message.listener.ScreenListener$ScreenStateListener) -> b
    void getScreenState() -> c
    void registerListener() -> d
    void unregisterListener() -> e
com.example.message.listener.ScreenListener$1 -> b.a$a:
com.example.message.listener.ScreenListener$ScreenBroadcastReceiver -> b.a$b:
    com.example.message.listener.ScreenListener this$0 -> a
com.example.message.listener.ScreenListener$ScreenStateListener -> b.a$c:
    void onScreenOn() -> b
    void onUserPresent(android.content.Context) -> d
    void onScreenOff() -> e
com.example.message.receiver.BootReceiver -> com.example.message.receiver.BootReceiver:
    void initBootService(android.content.Context) -> a
    boolean serverIsRunning(android.content.Context,java.lang.String) -> b
com.example.message.receiver.BootReceiver$$ExternalSyntheticApiModelOutline0 -> c.a:
# {"id":"sourceFile","fileName":"R8$$SyntheticClass"}
# {"id":"com.android.tools.r8.synthesized"}
    android.content.ComponentName com.example.message.receiver.BootReceiver$$InternalSyntheticApiModelOutline$1$7b5c6b27179abb4d7a18cbf2c8854ef02c41411c85a71465063630d28721c157$0.m(android.content.Context,android.content.Intent) -> a
      # {"id":"com.android.tools.r8.synthesized"}